Start testing: Nov 27 22:05 EST
----------------------------------------------------------
1/4 Testing: PairsTraderTest.BasicFunctionality
1/4 Test: PairsTraderTest.BasicFunctionality
Command: "/home/tembolo381/Desktop/cpp-workspace/QuantEdge/build/TestPairsTrader" "--gtest_filter=PairsTraderTest.BasicFunctionality" "--gtest_also_run_disabled_tests"
Directory: /home/tembolo381/Desktop/cpp-workspace/QuantEdge/build
"PairsTraderTest.BasicFunctionality" start time: Nov 27 22:05 EST
Output:
----------------------------------------------------------
Note: Google Test filter = PairsTraderTest.BasicFunctionality
[==========] Running 1 test from 1 test suite.
[----------] Global test environment set-up.
[----------] 1 test from PairsTraderTest
[ RUN      ] PairsTraderTest.BasicFunctionality
[       OK ] PairsTraderTest.BasicFunctionality (0 ms)
[----------] 1 test from PairsTraderTest (0 ms total)

[----------] Global test environment tear-down
[==========] 1 test from 1 test suite ran. (0 ms total)
[  PASSED  ] 1 test.
<end of output>
Test time =   0.00 sec
----------------------------------------------------------
Test Passed.
"PairsTraderTest.BasicFunctionality" end time: Nov 27 22:05 EST
"PairsTraderTest.BasicFunctionality" time elapsed: 00:00:00
----------------------------------------------------------

2/4 Testing: MeanReversionStrategyTest.BasicFunctionality
2/4 Test: MeanReversionStrategyTest.BasicFunctionality
Command: "/home/tembolo381/Desktop/cpp-workspace/QuantEdge/build/TestPairsTrader" "--gtest_filter=MeanReversionStrategyTest.BasicFunctionality" "--gtest_also_run_disabled_tests"
Directory: /home/tembolo381/Desktop/cpp-workspace/QuantEdge/build
"MeanReversionStrategyTest.BasicFunctionality" start time: Nov 27 22:05 EST
Output:
----------------------------------------------------------
Note: Google Test filter = MeanReversionStrategyTest.BasicFunctionality
[==========] Running 1 test from 1 test suite.
[----------] Global test environment set-up.
[----------] 1 test from MeanReversionStrategyTest
[ RUN      ] MeanReversionStrategyTest.BasicFunctionality
[       OK ] MeanReversionStrategyTest.BasicFunctionality (0 ms)
[----------] 1 test from MeanReversionStrategyTest (0 ms total)

[----------] Global test environment tear-down
[==========] 1 test from 1 test suite ran. (0 ms total)
[  PASSED  ] 1 test.
<end of output>
Test time =   0.00 sec
----------------------------------------------------------
Test Passed.
"MeanReversionStrategyTest.BasicFunctionality" end time: Nov 27 22:05 EST
"MeanReversionStrategyTest.BasicFunctionality" time elapsed: 00:00:00
----------------------------------------------------------

3/4 Testing: MomentumStrategyTest.BasicFunctionality
3/4 Test: MomentumStrategyTest.BasicFunctionality
Command: "/home/tembolo381/Desktop/cpp-workspace/QuantEdge/build/TestPairsTrader" "--gtest_filter=MomentumStrategyTest.BasicFunctionality" "--gtest_also_run_disabled_tests"
Directory: /home/tembolo381/Desktop/cpp-workspace/QuantEdge/build
"MomentumStrategyTest.BasicFunctionality" start time: Nov 27 22:05 EST
Output:
----------------------------------------------------------
Note: Google Test filter = MomentumStrategyTest.BasicFunctionality
[==========] Running 1 test from 1 test suite.
[----------] Global test environment set-up.
[----------] 1 test from MomentumStrategyTest
[ RUN      ] MomentumStrategyTest.BasicFunctionality
Momentum Signals: 0 0 1 1 1 1 1 
Buy at 105, position: 105
Buy at 110, position: 215
Buy at 115, position: 330
Buy at 120, position: 450
Buy at 125, position: 575
[       OK ] MomentumStrategyTest.BasicFunctionality (0 ms)
[----------] 1 test from MomentumStrategyTest (0 ms total)

[----------] Global test environment tear-down
[==========] 1 test from 1 test suite ran. (0 ms total)
[  PASSED  ] 1 test.
<end of output>
Test time =   0.00 sec
----------------------------------------------------------
Test Passed.
"MomentumStrategyTest.BasicFunctionality" end time: Nov 27 22:05 EST
"MomentumStrategyTest.BasicFunctionality" time elapsed: 00:00:00
----------------------------------------------------------

4/4 Testing: TestPairsTrader
4/4 Test: TestPairsTrader
Command: "/home/tembolo381/Desktop/cpp-workspace/QuantEdge/build/TestPairsTrader"
Directory: /home/tembolo381/Desktop/cpp-workspace/QuantEdge/build
"TestPairsTrader" start time: Nov 27 22:05 EST
Output:
----------------------------------------------------------
[==========] Running 3 tests from 3 test suites.
[----------] Global test environment set-up.
[----------] 1 test from PairsTraderTest
[ RUN      ] PairsTraderTest.BasicFunctionality
[       OK ] PairsTraderTest.BasicFunctionality (0 ms)
[----------] 1 test from PairsTraderTest (0 ms total)

[----------] 1 test from MeanReversionStrategyTest
[ RUN      ] MeanReversionStrategyTest.BasicFunctionality
[       OK ] MeanReversionStrategyTest.BasicFunctionality (0 ms)
[----------] 1 test from MeanReversionStrategyTest (0 ms total)

[----------] 1 test from MomentumStrategyTest
[ RUN      ] MomentumStrategyTest.BasicFunctionality
Momentum Signals: 0 0 1 1 1 1 1 
Buy at 105, position: 105
Buy at 110, position: 215
Buy at 115, position: 330
Buy at 120, position: 450
Buy at 125, position: 575
[       OK ] MomentumStrategyTest.BasicFunctionality (0 ms)
[----------] 1 test from MomentumStrategyTest (0 ms total)

[----------] Global test environment tear-down
[==========] 3 tests from 3 test suites ran. (0 ms total)
[  PASSED  ] 3 tests.
<end of output>
Test time =   0.00 sec
----------------------------------------------------------
Test Passed.
"TestPairsTrader" end time: Nov 27 22:05 EST
"TestPairsTrader" time elapsed: 00:00:00
----------------------------------------------------------

End testing: Nov 27 22:05 EST
